<?xml version="1.0" encoding="UTF-8"?>
<!-- Generated by org.testng.reporters.JUnitXMLReporter -->
<testsuite hostname="LP-PK0FH2M" name="Command line test" tests="7" failures="0" timestamp="20 Feb 2018 11:23:39 GMT" time="0.037" errors="0">
  <testcase name="IosApps" time="0.013" classname="asokNLPractice.AppiumTest"/>
  <testcase name="nativeAppAndroid" time="0.001" classname="asokNLPractice.AppiumTest"/>
  <testcase name="deleteTwitter" time="0.001" classname="asokNLPractice.RestApiTest"/>
  <testcase name="postJira" time="0.001" classname="asokNLPractice.RestApiTest"/>
  <testcase name="BrowserAutomation" time="0.0" classname="asokNLPractice.SeleniumTest"/>
  <testcase name="elementsUi" time="0.001" classname="asokNLPractice.SeleniumTest"/>
  <testcase name="helloWorld" time="0.001" classname="asokNLPractice.SeleniumTest"/>
</testsuite> <!-- Command line test -->
