<?xml version="1.0" encoding="UTF-8"?>
<!-- Generated by org.testng.reporters.JUnitXMLReporter -->
<testsuite hostname="LP-PK0FH2M" name="Test" tests="7" failures="0" timestamp="21 Feb 2018 10:25:16 GMT" time="0.021" errors="0">
  <testcase name="BrowserAutomation" time="0.0" classname="asokNLPractice.SeleniumTest"/>
  <testcase name="elementsUi" time="0.0" classname="asokNLPractice.SeleniumTest"/>
  <testcase name="helloWorld" time="0.0" classname="asokNLPractice.SeleniumTest"/>
  <testcase name="deleteTwitter" time="0.0" classname="asokNLPractice.RestApiTest"/>
  <testcase name="postJira" time="0.0" classname="asokNLPractice.RestApiTest"/>
  <testcase name="IosApps" time="0.0" classname="asokNLPractice.AppiumTest"/>
  <testcase name="nativeAppAndroid" time="0.0" classname="asokNLPractice.AppiumTest"/>
</testsuite> <!-- Test -->
